Compiling the C compiler identification source file "CMakeCCompilerId.c" failed.
Compiler:  
Build flags: 
Id flags:  

The output was:
1
Microsoft (R) Build Engine version 4.6.1586.0
[Microsoft .NET Framework, version 4.0.30319.42000]
Copyright (C) Microsoft Corporation. All rights reserved.

Build started 5/9/2017 6:17:56 PM.
Project "C:\Users\Rahul\CarND-Extended-Kalman-Filter-Project-master\CMakeFiles\3.8.1\CompilerIdC\CompilerIdC.vcxproj" on node 1 (default targets).
C:\Users\Rahul\CarND-Extended-Kalman-Filter-Project-master\CMakeFiles\3.8.1\CompilerIdC\CompilerIdC.vcxproj(18,3): error MSB4019: The imported project "C:\Microsoft.Cpp.Default.props" was not found. Confirm that the path in the <Import> declaration is correct, and that the file exists on disk.
Done Building Project "C:\Users\Rahul\CarND-Extended-Kalman-Filter-Project-master\CMakeFiles\3.8.1\CompilerIdC\CompilerIdC.vcxproj" (default targets) -- FAILED.

Build FAILED.

"C:\Users\Rahul\CarND-Extended-Kalman-Filter-Project-master\CMakeFiles\3.8.1\CompilerIdC\CompilerIdC.vcxproj" (default target) (1) ->
  C:\Users\Rahul\CarND-Extended-Kalman-Filter-Project-master\CMakeFiles\3.8.1\CompilerIdC\CompilerIdC.vcxproj(18,3): error MSB4019: The imported project "C:\Microsoft.Cpp.Default.props" was not found. Confirm that the path in the <Import> declaration is correct, and that the file exists on disk.

    0 Warning(s)
    1 Error(s)

Time Elapsed 00:00:00.23


Compiling the CXX compiler identification source file "CMakeCXXCompilerId.cpp" failed.
Compiler:  
Build flags: 
Id flags:  

The output was:
1
Microsoft (R) Build Engine version 4.6.1586.0
[Microsoft .NET Framework, version 4.0.30319.42000]
Copyright (C) Microsoft Corporation. All rights reserved.

Build started 5/9/2017 6:17:57 PM.
Project "C:\Users\Rahul\CarND-Extended-Kalman-Filter-Project-master\CMakeFiles\3.8.1\CompilerIdCXX\CompilerIdCXX.vcxproj" on node 1 (default targets).
C:\Users\Rahul\CarND-Extended-Kalman-Filter-Project-master\CMakeFiles\3.8.1\CompilerIdCXX\CompilerIdCXX.vcxproj(18,3): error MSB4019: The imported project "C:\Microsoft.Cpp.Default.props" was not found. Confirm that the path in the <Import> declaration is correct, and that the file exists on disk.
Done Building Project "C:\Users\Rahul\CarND-Extended-Kalman-Filter-Project-master\CMakeFiles\3.8.1\CompilerIdCXX\CompilerIdCXX.vcxproj" (default targets) -- FAILED.

Build FAILED.

"C:\Users\Rahul\CarND-Extended-Kalman-Filter-Project-master\CMakeFiles\3.8.1\CompilerIdCXX\CompilerIdCXX.vcxproj" (default target) (1) ->
  C:\Users\Rahul\CarND-Extended-Kalman-Filter-Project-master\CMakeFiles\3.8.1\CompilerIdCXX\CompilerIdCXX.vcxproj(18,3): error MSB4019: The imported project "C:\Microsoft.Cpp.Default.props" was not found. Confirm that the path in the <Import> declaration is correct, and that the file exists on disk.

    0 Warning(s)
    1 Error(s)

Time Elapsed 00:00:00.22


Compiling the C compiler identification source file "CMakeCCompilerId.c" failed.
Compiler:  
Build flags: 
Id flags:  

The output was:
1
Microsoft (R) Build Engine version 4.6.1586.0
[Microsoft .NET Framework, version 4.0.30319.42000]
Copyright (C) Microsoft Corporation. All rights reserved.

Build started 5/9/2017 6:30:57 PM.
Project "C:\Users\Rahul\CarND-Extended-Kalman-Filter-Project-master\CMakeFiles\3.8.1\CompilerIdC\CompilerIdC.vcxproj" on node 1 (default targets).
C:\Users\Rahul\CarND-Extended-Kalman-Filter-Project-master\CMakeFiles\3.8.1\CompilerIdC\CompilerIdC.vcxproj(18,3): error MSB4019: The imported project "C:\Microsoft.Cpp.Default.props" was not found. Confirm that the path in the <Import> declaration is correct, and that the file exists on disk.
Done Building Project "C:\Users\Rahul\CarND-Extended-Kalman-Filter-Project-master\CMakeFiles\3.8.1\CompilerIdC\CompilerIdC.vcxproj" (default targets) -- FAILED.

Build FAILED.

"C:\Users\Rahul\CarND-Extended-Kalman-Filter-Project-master\CMakeFiles\3.8.1\CompilerIdC\CompilerIdC.vcxproj" (default target) (1) ->
  C:\Users\Rahul\CarND-Extended-Kalman-Filter-Project-master\CMakeFiles\3.8.1\CompilerIdC\CompilerIdC.vcxproj(18,3): error MSB4019: The imported project "C:\Microsoft.Cpp.Default.props" was not found. Confirm that the path in the <Import> declaration is correct, and that the file exists on disk.

    0 Warning(s)
    1 Error(s)

Time Elapsed 00:00:00.21


Compiling the CXX compiler identification source file "CMakeCXXCompilerId.cpp" failed.
Compiler:  
Build flags: 
Id flags:  

The output was:
1
Microsoft (R) Build Engine version 4.6.1586.0
[Microsoft .NET Framework, version 4.0.30319.42000]
Copyright (C) Microsoft Corporation. All rights reserved.

Build started 5/9/2017 6:30:57 PM.
Project "C:\Users\Rahul\CarND-Extended-Kalman-Filter-Project-master\CMakeFiles\3.8.1\CompilerIdCXX\CompilerIdCXX.vcxproj" on node 1 (default targets).
C:\Users\Rahul\CarND-Extended-Kalman-Filter-Project-master\CMakeFiles\3.8.1\CompilerIdCXX\CompilerIdCXX.vcxproj(18,3): error MSB4019: The imported project "C:\Microsoft.Cpp.Default.props" was not found. Confirm that the path in the <Import> declaration is correct, and that the file exists on disk.
Done Building Project "C:\Users\Rahul\CarND-Extended-Kalman-Filter-Project-master\CMakeFiles\3.8.1\CompilerIdCXX\CompilerIdCXX.vcxproj" (default targets) -- FAILED.

Build FAILED.

"C:\Users\Rahul\CarND-Extended-Kalman-Filter-Project-master\CMakeFiles\3.8.1\CompilerIdCXX\CompilerIdCXX.vcxproj" (default target) (1) ->
  C:\Users\Rahul\CarND-Extended-Kalman-Filter-Project-master\CMakeFiles\3.8.1\CompilerIdCXX\CompilerIdCXX.vcxproj(18,3): error MSB4019: The imported project "C:\Microsoft.Cpp.Default.props" was not found. Confirm that the path in the <Import> declaration is correct, and that the file exists on disk.

    0 Warning(s)
    1 Error(s)

Time Elapsed 00:00:00.20


Compiling the C compiler identification source file "CMakeCCompilerId.c" failed.
Compiler:  
Build flags: 
Id flags:  

The output was:
1
Microsoft (R) Build Engine version 4.6.1586.0
[Microsoft .NET Framework, version 4.0.30319.42000]
Copyright (C) Microsoft Corporation. All rights reserved.

Build started 5/9/2017 6:39:49 PM.
Project "C:\Users\Rahul\CarND-Extended-Kalman-Filter-Project-master\CMakeFiles\3.8.1\CompilerIdC\CompilerIdC.vcxproj" on node 1 (default targets).
C:\Users\Rahul\CarND-Extended-Kalman-Filter-Project-master\CMakeFiles\3.8.1\CompilerIdC\CompilerIdC.vcxproj(18,3): error MSB4019: The imported project "C:\Microsoft.Cpp.Default.props" was not found. Confirm that the path in the <Import> declaration is correct, and that the file exists on disk.
Done Building Project "C:\Users\Rahul\CarND-Extended-Kalman-Filter-Project-master\CMakeFiles\3.8.1\CompilerIdC\CompilerIdC.vcxproj" (default targets) -- FAILED.

Build FAILED.

"C:\Users\Rahul\CarND-Extended-Kalman-Filter-Project-master\CMakeFiles\3.8.1\CompilerIdC\CompilerIdC.vcxproj" (default target) (1) ->
  C:\Users\Rahul\CarND-Extended-Kalman-Filter-Project-master\CMakeFiles\3.8.1\CompilerIdC\CompilerIdC.vcxproj(18,3): error MSB4019: The imported project "C:\Microsoft.Cpp.Default.props" was not found. Confirm that the path in the <Import> declaration is correct, and that the file exists on disk.

    0 Warning(s)
    1 Error(s)

Time Elapsed 00:00:01.54


Compiling the CXX compiler identification source file "CMakeCXXCompilerId.cpp" failed.
Compiler:  
Build flags: 
Id flags:  

The output was:
1
Microsoft (R) Build Engine version 4.6.1586.0
[Microsoft .NET Framework, version 4.0.30319.42000]
Copyright (C) Microsoft Corporation. All rights reserved.

Build started 5/9/2017 6:39:51 PM.
Project "C:\Users\Rahul\CarND-Extended-Kalman-Filter-Project-master\CMakeFiles\3.8.1\CompilerIdCXX\CompilerIdCXX.vcxproj" on node 1 (default targets).
C:\Users\Rahul\CarND-Extended-Kalman-Filter-Project-master\CMakeFiles\3.8.1\CompilerIdCXX\CompilerIdCXX.vcxproj(18,3): error MSB4019: The imported project "C:\Microsoft.Cpp.Default.props" was not found. Confirm that the path in the <Import> declaration is correct, and that the file exists on disk.
Done Building Project "C:\Users\Rahul\CarND-Extended-Kalman-Filter-Project-master\CMakeFiles\3.8.1\CompilerIdCXX\CompilerIdCXX.vcxproj" (default targets) -- FAILED.

Build FAILED.

"C:\Users\Rahul\CarND-Extended-Kalman-Filter-Project-master\CMakeFiles\3.8.1\CompilerIdCXX\CompilerIdCXX.vcxproj" (default target) (1) ->
  C:\Users\Rahul\CarND-Extended-Kalman-Filter-Project-master\CMakeFiles\3.8.1\CompilerIdCXX\CompilerIdCXX.vcxproj(18,3): error MSB4019: The imported project "C:\Microsoft.Cpp.Default.props" was not found. Confirm that the path in the <Import> declaration is correct, and that the file exists on disk.

    0 Warning(s)
    1 Error(s)

Time Elapsed 00:00:00.23


Compiling the C compiler identification source file "CMakeCCompilerId.c" failed.
Compiler:  
Build flags: 
Id flags:  

The output was:
1
Microsoft (R) Build Engine version 4.6.1586.0
[Microsoft .NET Framework, version 4.0.30319.42000]
Copyright (C) Microsoft Corporation. All rights reserved.

Build started 5/9/2017 10:18:26 PM.
Project "C:\Users\Rahul\CarND-Extended-Kalman-Filter-Project-master\CMakeFiles\3.8.1\CompilerIdC\CompilerIdC.vcxproj" on node 1 (default targets).
C:\Users\Rahul\CarND-Extended-Kalman-Filter-Project-master\CMakeFiles\3.8.1\CompilerIdC\CompilerIdC.vcxproj(18,3): error MSB4019: The imported project "C:\Microsoft.Cpp.Default.props" was not found. Confirm that the path in the <Import> declaration is correct, and that the file exists on disk.
Done Building Project "C:\Users\Rahul\CarND-Extended-Kalman-Filter-Project-master\CMakeFiles\3.8.1\CompilerIdC\CompilerIdC.vcxproj" (default targets) -- FAILED.

Build FAILED.

"C:\Users\Rahul\CarND-Extended-Kalman-Filter-Project-master\CMakeFiles\3.8.1\CompilerIdC\CompilerIdC.vcxproj" (default target) (1) ->
  C:\Users\Rahul\CarND-Extended-Kalman-Filter-Project-master\CMakeFiles\3.8.1\CompilerIdC\CompilerIdC.vcxproj(18,3): error MSB4019: The imported project "C:\Microsoft.Cpp.Default.props" was not found. Confirm that the path in the <Import> declaration is correct, and that the file exists on disk.

    0 Warning(s)
    1 Error(s)

Time Elapsed 00:00:00.21


Compiling the CXX compiler identification source file "CMakeCXXCompilerId.cpp" failed.
Compiler:  
Build flags: 
Id flags:  

The output was:
1
Microsoft (R) Build Engine version 4.6.1586.0
[Microsoft .NET Framework, version 4.0.30319.42000]
Copyright (C) Microsoft Corporation. All rights reserved.

Build started 5/9/2017 10:18:26 PM.
Project "C:\Users\Rahul\CarND-Extended-Kalman-Filter-Project-master\CMakeFiles\3.8.1\CompilerIdCXX\CompilerIdCXX.vcxproj" on node 1 (default targets).
C:\Users\Rahul\CarND-Extended-Kalman-Filter-Project-master\CMakeFiles\3.8.1\CompilerIdCXX\CompilerIdCXX.vcxproj(18,3): error MSB4019: The imported project "C:\Microsoft.Cpp.Default.props" was not found. Confirm that the path in the <Import> declaration is correct, and that the file exists on disk.
Done Building Project "C:\Users\Rahul\CarND-Extended-Kalman-Filter-Project-master\CMakeFiles\3.8.1\CompilerIdCXX\CompilerIdCXX.vcxproj" (default targets) -- FAILED.

Build FAILED.

"C:\Users\Rahul\CarND-Extended-Kalman-Filter-Project-master\CMakeFiles\3.8.1\CompilerIdCXX\CompilerIdCXX.vcxproj" (default target) (1) ->
  C:\Users\Rahul\CarND-Extended-Kalman-Filter-Project-master\CMakeFiles\3.8.1\CompilerIdCXX\CompilerIdCXX.vcxproj(18,3): error MSB4019: The imported project "C:\Microsoft.Cpp.Default.props" was not found. Confirm that the path in the <Import> declaration is correct, and that the file exists on disk.

    0 Warning(s)
    1 Error(s)

Time Elapsed 00:00:00.21


Compiling the C compiler identification source file "CMakeCCompilerId.c" failed.
Compiler:  
Build flags: 
Id flags:  

The output was:
1
Microsoft (R) Build Engine version 4.6.1586.0
[Microsoft .NET Framework, version 4.0.30319.42000]
Copyright (C) Microsoft Corporation. All rights reserved.

Build started 5/9/2017 10:49:06 PM.
Project "C:\Users\Rahul\CarND-Extended-Kalman-Filter-Project-master\CMakeFiles\3.8.1\CompilerIdC\CompilerIdC.vcxproj" on node 1 (default targets).
C:\Users\Rahul\CarND-Extended-Kalman-Filter-Project-master\CMakeFiles\3.8.1\CompilerIdC\CompilerIdC.vcxproj(18,3): error MSB4019: The imported project "C:\Microsoft.Cpp.Default.props" was not found. Confirm that the path in the <Import> declaration is correct, and that the file exists on disk.
Done Building Project "C:\Users\Rahul\CarND-Extended-Kalman-Filter-Project-master\CMakeFiles\3.8.1\CompilerIdC\CompilerIdC.vcxproj" (default targets) -- FAILED.

Build FAILED.

"C:\Users\Rahul\CarND-Extended-Kalman-Filter-Project-master\CMakeFiles\3.8.1\CompilerIdC\CompilerIdC.vcxproj" (default target) (1) ->
  C:\Users\Rahul\CarND-Extended-Kalman-Filter-Project-master\CMakeFiles\3.8.1\CompilerIdC\CompilerIdC.vcxproj(18,3): error MSB4019: The imported project "C:\Microsoft.Cpp.Default.props" was not found. Confirm that the path in the <Import> declaration is correct, and that the file exists on disk.

    0 Warning(s)
    1 Error(s)

Time Elapsed 00:00:01.55


Compiling the CXX compiler identification source file "CMakeCXXCompilerId.cpp" failed.
Compiler:  
Build flags: 
Id flags:  

The output was:
1
Microsoft (R) Build Engine version 4.6.1586.0
[Microsoft .NET Framework, version 4.0.30319.42000]
Copyright (C) Microsoft Corporation. All rights reserved.

Build started 5/9/2017 10:49:08 PM.
Project "C:\Users\Rahul\CarND-Extended-Kalman-Filter-Project-master\CMakeFiles\3.8.1\CompilerIdCXX\CompilerIdCXX.vcxproj" on node 1 (default targets).
C:\Users\Rahul\CarND-Extended-Kalman-Filter-Project-master\CMakeFiles\3.8.1\CompilerIdCXX\CompilerIdCXX.vcxproj(18,3): error MSB4019: The imported project "C:\Microsoft.Cpp.Default.props" was not found. Confirm that the path in the <Import> declaration is correct, and that the file exists on disk.
Done Building Project "C:\Users\Rahul\CarND-Extended-Kalman-Filter-Project-master\CMakeFiles\3.8.1\CompilerIdCXX\CompilerIdCXX.vcxproj" (default targets) -- FAILED.

Build FAILED.

"C:\Users\Rahul\CarND-Extended-Kalman-Filter-Project-master\CMakeFiles\3.8.1\CompilerIdCXX\CompilerIdCXX.vcxproj" (default target) (1) ->
  C:\Users\Rahul\CarND-Extended-Kalman-Filter-Project-master\CMakeFiles\3.8.1\CompilerIdCXX\CompilerIdCXX.vcxproj(18,3): error MSB4019: The imported project "C:\Microsoft.Cpp.Default.props" was not found. Confirm that the path in the <Import> declaration is correct, and that the file exists on disk.

    0 Warning(s)
    1 Error(s)

Time Elapsed 00:00:00.23


